<?xml version="1.0" encoding="UTF-8"?>
<!-- Generated by org.testng.reporters.JUnitXMLReporter -->
<testsuite ignored="1" hostname="LAPTOP-G6NEL8LQ" failures="0" tests="10" name="Surefire test" time="163.544" errors="0" timestamp="2023-05-25T15:37:41 IST">
  <testcase classname="com.crm.qa.testcases.ContactPageTest" name="verifycontctlable" time="0.067"/>
  <testcase classname="com.crm.qa.testcases.ContactPageTest" name="validatecreatenewcontact" time="21.332"/>
  <testcase classname="com.crm.qa.testcases.ContactPageTest" name="validatecreatenewcontact" time="21.165"/>
  <testcase classname="com.crm.qa.testcases.ContactPageTest" name="validatecreatenewcontact" time="21.169"/>
  <testcase classname="com.crm.qa.testcases.DealsTest" name="dealslabetes" time="10.054"/>
  <testcase classname="com.crm.qa.testcases.HomePageTest" name="homepagetitletest" time="0.014"/>
  <testcase classname="com.crm.qa.testcases.HomePageTest" name="verifyusernametest" time="2.116"/>
  <testcase classname="com.crm.qa.testcases.HomePageTest" name="movehomeicon" time="12.576"/>
  <testcase classname="com.crm.qa.testcases.LoginPageTest" name="loginpagetitletest" time="0.011"/>
  <testcase classname="com.crm.qa.testcases.LoginPageTest" name="logintest" time="0.27"/>
  <testcase classname="com.crm.qa.testcases.ContactPageTest" name="selectcontact" time="0.0">
    <ignored/>
  </testcase> <!-- selectcontact -->
</testsuite> <!-- Surefire test -->
