<?xml version="1.0" encoding="UTF-8"?>
<!-- Generated by org.testng.reporters.JUnitXMLReporter -->
<testsuite ignored="0" hostname="LAPTOP-G6NEL8LQ" failures="0" tests="5" name="Default test" time="113.368" errors="0" timestamp="2023-05-23T18:56:50 IST">
  <testcase classname="com.crm.qa.testcases.ContactPageTest" name="verifycontctlable" time="0.056"/>
  <testcase classname="com.crm.qa.testcases.ContactPageTest" name="selectcontact" time="11.811"/>
  <testcase classname="com.crm.qa.testcases.ContactPageTest" name="validatecreatenewcontact" time="20.863"/>
  <testcase classname="com.crm.qa.testcases.ContactPageTest" name="validatecreatenewcontact" time="21.071"/>
  <testcase classname="com.crm.qa.testcases.ContactPageTest" name="validatecreatenewcontact" time="20.898"/>
</testsuite> <!-- Default test -->
