<?xml version="1.0" encoding="UTF-8"?>
<testng-results ignored="1" total="11" passed="10" failed="0" skipped="0">
  <reporter-output>
  </reporter-output>
  <suite started-at="2023-05-25T15:34:57 IST" name="Surefire suite" finished-at="2023-05-25T15:37:41 IST" duration-ms="163544">
    <groups>
    </groups>
    <test started-at="2023-05-25T15:34:57 IST" name="Surefire test" finished-at="2023-05-25T15:37:41 IST" duration-ms="163544">
      <class name="com.crm.qa.testcases.ContactPageTest">
        <test-method is-config="true" signature="setup()[pri:0, instance:com.crm.qa.testcases.ContactPageTest@20f5239f]" started-at="2023-05-25T15:34:57 IST" name="setup" finished-at="2023-05-25T15:35:08 IST" duration-ms="10779" status="PASS">
          <reporter-output>
          </reporter-output>
        </test-method> <!-- setup -->
        <test-method signature="verifycontctlable()[pri:1, instance:com.crm.qa.testcases.ContactPageTest@20f5239f]" started-at="2023-05-25T15:35:08 IST" name="verifycontctlable" finished-at="2023-05-25T15:35:08 IST" duration-ms="67" status="PASS">
          <reporter-output>
          </reporter-output>
        </test-method> <!-- verifycontctlable -->
        <test-method is-config="true" signature="teardown()[pri:0, instance:com.crm.qa.testcases.ContactPageTest@20f5239f]" started-at="2023-05-25T15:35:08 IST" name="teardown" finished-at="2023-05-25T15:35:08 IST" duration-ms="276" status="PASS">
          <reporter-output>
          </reporter-output>
        </test-method> <!-- teardown -->
        <test-method is-config="true" signature="setup()[pri:0, instance:com.crm.qa.testcases.ContactPageTest@20f5239f]" started-at="2023-05-25T15:35:10 IST" name="setup" finished-at="2023-05-25T15:35:18 IST" duration-ms="8267" status="PASS">
          <reporter-output>
          </reporter-output>
        </test-method> <!-- setup -->
        <test-method signature="validatecreatenewcontact(java.lang.String,java.lang.String)[pri:3, instance:com.crm.qa.testcases.ContactPageTest@20f5239f]" started-at="2023-05-25T15:35:18 IST" name="validatecreatenewcontact" data-provider="getcrmdata" finished-at="2023-05-25T15:35:39 IST" duration-ms="21332" status="PASS">
          <params>
            <param index="0">
              <value>
                <![CDATA[Tom]]>
              </value>
            </param>
            <param index="1">
              <value>
                <![CDATA[Jerry]]>
              </value>
            </param>
          </params>
          <reporter-output>
          </reporter-output>
        </test-method> <!-- validatecreatenewcontact -->
        <test-method is-config="true" signature="teardown()[pri:0, instance:com.crm.qa.testcases.ContactPageTest@20f5239f]" started-at="2023-05-25T15:35:39 IST" name="teardown" finished-at="2023-05-25T15:35:40 IST" duration-ms="310" status="PASS">
          <reporter-output>
          </reporter-output>
        </test-method> <!-- teardown -->
        <test-method is-config="true" signature="setup()[pri:0, instance:com.crm.qa.testcases.ContactPageTest@20f5239f]" started-at="2023-05-25T15:35:40 IST" name="setup" finished-at="2023-05-25T15:35:47 IST" duration-ms="7741" status="PASS">
          <reporter-output>
          </reporter-output>
        </test-method> <!-- setup -->
        <test-method signature="validatecreatenewcontact(java.lang.String,java.lang.String)[pri:3, instance:com.crm.qa.testcases.ContactPageTest@20f5239f]" started-at="2023-05-25T15:35:47 IST" name="validatecreatenewcontact" data-provider="getcrmdata" finished-at="2023-05-25T15:36:08 IST" duration-ms="21165" status="PASS">
          <params>
            <param index="0">
              <value>
                <![CDATA[Road]]>
              </value>
            </param>
            <param index="1">
              <value>
                <![CDATA[Runner]]>
              </value>
            </param>
          </params>
          <reporter-output>
          </reporter-output>
        </test-method> <!-- validatecreatenewcontact -->
        <test-method is-config="true" signature="teardown()[pri:0, instance:com.crm.qa.testcases.ContactPageTest@20f5239f]" started-at="2023-05-25T15:36:08 IST" name="teardown" finished-at="2023-05-25T15:36:09 IST" duration-ms="328" status="PASS">
          <reporter-output>
          </reporter-output>
        </test-method> <!-- teardown -->
        <test-method is-config="true" signature="setup()[pri:0, instance:com.crm.qa.testcases.ContactPageTest@20f5239f]" started-at="2023-05-25T15:36:09 IST" name="setup" finished-at="2023-05-25T15:36:16 IST" duration-ms="7611" status="PASS">
          <reporter-output>
          </reporter-output>
        </test-method> <!-- setup -->
        <test-method signature="validatecreatenewcontact(java.lang.String,java.lang.String)[pri:3, instance:com.crm.qa.testcases.ContactPageTest@20f5239f]" started-at="2023-05-25T15:36:16 IST" name="validatecreatenewcontact" data-provider="getcrmdata" finished-at="2023-05-25T15:36:38 IST" duration-ms="21169" status="PASS">
          <params>
            <param index="0">
              <value>
                <![CDATA[Zeee]]>
              </value>
            </param>
            <param index="1">
              <value>
                <![CDATA[Sid]]>
              </value>
            </param>
          </params>
          <reporter-output>
          </reporter-output>
        </test-method> <!-- validatecreatenewcontact -->
        <test-method is-config="true" signature="teardown()[pri:0, instance:com.crm.qa.testcases.ContactPageTest@20f5239f]" started-at="2023-05-25T15:36:38 IST" name="teardown" finished-at="2023-05-25T15:36:38 IST" duration-ms="308" status="PASS">
          <reporter-output>
          </reporter-output>
        </test-method> <!-- teardown -->
      </class> <!-- com.crm.qa.testcases.ContactPageTest -->
      <class name="com.crm.qa.testcases.HomePageTest">
        <test-method is-config="true" signature="setup()[pri:0, instance:com.crm.qa.testcases.HomePageTest@543588e6]" started-at="2023-05-25T15:36:56 IST" name="setup" finished-at="2023-05-25T15:37:02 IST" duration-ms="5893" status="PASS">
          <reporter-output>
          </reporter-output>
        </test-method> <!-- setup -->
        <test-method signature="homepagetitletest()[pri:1, instance:com.crm.qa.testcases.HomePageTest@543588e6]" started-at="2023-05-25T15:37:02 IST" name="homepagetitletest" finished-at="2023-05-25T15:37:02 IST" duration-ms="14" status="PASS">
          <reporter-output>
          </reporter-output>
        </test-method> <!-- homepagetitletest -->
        <test-method is-config="true" signature="teardown()[pri:0, instance:com.crm.qa.testcases.HomePageTest@543588e6]" started-at="2023-05-25T15:37:02 IST" name="teardown" finished-at="2023-05-25T15:37:02 IST" duration-ms="236" status="PASS">
          <reporter-output>
          </reporter-output>
        </test-method> <!-- teardown -->
        <test-method is-config="true" signature="setup()[pri:0, instance:com.crm.qa.testcases.HomePageTest@543588e6]" started-at="2023-05-25T15:37:02 IST" name="setup" finished-at="2023-05-25T15:37:09 IST" duration-ms="6300" status="PASS">
          <reporter-output>
          </reporter-output>
        </test-method> <!-- setup -->
        <test-method signature="verifyusernametest()[pri:2, instance:com.crm.qa.testcases.HomePageTest@543588e6]" started-at="2023-05-25T15:37:09 IST" name="verifyusernametest" finished-at="2023-05-25T15:37:11 IST" duration-ms="2116" status="PASS">
          <reporter-output>
          </reporter-output>
        </test-method> <!-- verifyusernametest -->
        <test-method is-config="true" signature="teardown()[pri:0, instance:com.crm.qa.testcases.HomePageTest@543588e6]" started-at="2023-05-25T15:37:11 IST" name="teardown" finished-at="2023-05-25T15:37:11 IST" duration-ms="242" status="PASS">
          <reporter-output>
          </reporter-output>
        </test-method> <!-- teardown -->
        <test-method is-config="true" signature="setup()[pri:0, instance:com.crm.qa.testcases.HomePageTest@543588e6]" started-at="2023-05-25T15:37:11 IST" name="setup" finished-at="2023-05-25T15:37:17 IST" duration-ms="5685" status="PASS">
          <reporter-output>
          </reporter-output>
        </test-method> <!-- setup -->
        <test-method signature="movehomeicon()[pri:3, instance:com.crm.qa.testcases.HomePageTest@543588e6]" started-at="2023-05-25T15:37:17 IST" name="movehomeicon" finished-at="2023-05-25T15:37:29 IST" duration-ms="12576" status="PASS">
          <reporter-output>
          </reporter-output>
        </test-method> <!-- movehomeicon -->
        <test-method is-config="true" signature="teardown()[pri:0, instance:com.crm.qa.testcases.HomePageTest@543588e6]" started-at="2023-05-25T15:37:29 IST" name="teardown" finished-at="2023-05-25T15:37:30 IST" duration-ms="273" status="PASS">
          <reporter-output>
          </reporter-output>
        </test-method> <!-- teardown -->
      </class> <!-- com.crm.qa.testcases.HomePageTest -->
      <class name="com.crm.qa.testcases.LoginPageTest">
        <test-method is-config="true" signature="setup()[pri:0, instance:com.crm.qa.testcases.LoginPageTest@f5acb9d]" started-at="2023-05-25T15:37:30 IST" name="setup" finished-at="2023-05-25T15:37:35 IST" duration-ms="5305" status="PASS">
          <reporter-output>
          </reporter-output>
        </test-method> <!-- setup -->
        <test-method signature="loginpagetitletest()[pri:1, instance:com.crm.qa.testcases.LoginPageTest@f5acb9d]" started-at="2023-05-25T15:37:35 IST" name="loginpagetitletest" finished-at="2023-05-25T15:37:35 IST" duration-ms="11" status="PASS">
          <reporter-output>
          </reporter-output>
        </test-method> <!-- loginpagetitletest -->
        <test-method is-config="true" signature="teardown()[pri:0, instance:com.crm.qa.testcases.LoginPageTest@f5acb9d]" started-at="2023-05-25T15:37:35 IST" name="teardown" finished-at="2023-05-25T15:37:35 IST" duration-ms="198" status="PASS">
          <reporter-output>
          </reporter-output>
        </test-method> <!-- teardown -->
        <test-method is-config="true" signature="setup()[pri:0, instance:com.crm.qa.testcases.LoginPageTest@f5acb9d]" started-at="2023-05-25T15:37:35 IST" name="setup" finished-at="2023-05-25T15:37:40 IST" duration-ms="5226" status="PASS">
          <reporter-output>
          </reporter-output>
        </test-method> <!-- setup -->
        <test-method signature="logintest()[pri:2, instance:com.crm.qa.testcases.LoginPageTest@f5acb9d]" started-at="2023-05-25T15:37:40 IST" name="logintest" finished-at="2023-05-25T15:37:41 IST" duration-ms="270" status="PASS">
          <reporter-output>
          </reporter-output>
        </test-method> <!-- logintest -->
        <test-method is-config="true" signature="teardown()[pri:0, instance:com.crm.qa.testcases.LoginPageTest@f5acb9d]" started-at="2023-05-25T15:37:41 IST" name="teardown" finished-at="2023-05-25T15:37:41 IST" duration-ms="174" status="PASS">
          <reporter-output>
          </reporter-output>
        </test-method> <!-- teardown -->
      </class> <!-- com.crm.qa.testcases.LoginPageTest -->
      <class name="com.crm.qa.testcases.DealsTest">
        <test-method is-config="true" signature="setup()[pri:0, instance:com.crm.qa.testcases.DealsTest@58695725]" started-at="2023-05-25T15:36:38 IST" name="setup" finished-at="2023-05-25T15:36:46 IST" duration-ms="8032" status="PASS">
          <reporter-output>
          </reporter-output>
        </test-method> <!-- setup -->
        <test-method signature="dealslabetes()[pri:0, instance:com.crm.qa.testcases.DealsTest@58695725]" started-at="2023-05-25T15:36:46 IST" name="dealslabetes" finished-at="2023-05-25T15:36:56 IST" duration-ms="10054" status="PASS">
          <reporter-output>
          </reporter-output>
        </test-method> <!-- dealslabetes -->
        <test-method is-config="true" signature="teardown()[pri:0, instance:com.crm.qa.testcases.DealsTest@58695725]" started-at="2023-05-25T15:36:56 IST" name="teardown" finished-at="2023-05-25T15:36:56 IST" duration-ms="270" status="PASS">
          <reporter-output>
          </reporter-output>
        </test-method> <!-- teardown -->
      </class> <!-- com.crm.qa.testcases.DealsTest -->
    </test> <!-- Surefire test -->
  </suite> <!-- Surefire suite -->
</testng-results>
