<?xml version="1.0" encoding="UTF-8"?>
<testng-results ignored="1" total="10" passed="9" failed="0" skipped="0">
  <reporter-output>
  </reporter-output>
  <suite started-at="2023-07-08T13:07:12 IST" name="FREE CRM TEST SUIT" finished-at="2023-07-08T13:09:34 IST" duration-ms="142376">
    <groups>
    </groups>
    <test started-at="2023-07-08T13:07:12 IST" name="FREE CRM AUTOMATION TEST CASES" finished-at="2023-07-08T13:09:34 IST" duration-ms="142376">
      <class name="com.crm.qa.testcases.ContactPageTest">
        <test-method is-config="true" signature="setup()[pri:0, instance:com.crm.qa.testcases.ContactPageTest@606e4010]" started-at="2023-07-08T13:07:48 IST" name="setup" finished-at="2023-07-08T13:07:56 IST" duration-ms="7737" status="PASS">
          <reporter-output>
          </reporter-output>
        </test-method> <!-- setup -->
        <test-method signature="verifycontctlable()[pri:1, instance:com.crm.qa.testcases.ContactPageTest@606e4010]" started-at="2023-07-08T13:07:56 IST" name="verifycontctlable" finished-at="2023-07-08T13:07:56 IST" duration-ms="31" status="PASS">
          <reporter-output>
          </reporter-output>
        </test-method> <!-- verifycontctlable -->
        <test-method is-config="true" signature="teardown()[pri:0, instance:com.crm.qa.testcases.ContactPageTest@606e4010]" started-at="2023-07-08T13:07:56 IST" name="teardown" finished-at="2023-07-08T13:07:56 IST" duration-ms="117" status="PASS">
          <reporter-output>
          </reporter-output>
        </test-method> <!-- teardown -->
        <test-method is-config="true" signature="setup()[pri:0, instance:com.crm.qa.testcases.ContactPageTest@606e4010]" started-at="2023-07-08T13:07:57 IST" name="setup" finished-at="2023-07-08T13:08:05 IST" duration-ms="7682" status="PASS">
          <reporter-output>
          </reporter-output>
        </test-method> <!-- setup -->
        <test-method signature="validatecreatenewcontact(java.lang.String,java.lang.String)[pri:3, instance:com.crm.qa.testcases.ContactPageTest@606e4010]" started-at="2023-07-08T13:08:05 IST" name="validatecreatenewcontact" data-provider="getcrmdata" finished-at="2023-07-08T13:08:25 IST" duration-ms="20682" status="PASS">
          <params>
            <param index="0">
              <value>
                <![CDATA[Tom]]>
              </value>
            </param>
            <param index="1">
              <value>
                <![CDATA[Jerry]]>
              </value>
            </param>
          </params>
          <reporter-output>
          </reporter-output>
        </test-method> <!-- validatecreatenewcontact -->
        <test-method is-config="true" signature="teardown()[pri:0, instance:com.crm.qa.testcases.ContactPageTest@606e4010]" started-at="2023-07-08T13:08:25 IST" name="teardown" finished-at="2023-07-08T13:08:25 IST" duration-ms="128" status="PASS">
          <reporter-output>
          </reporter-output>
        </test-method> <!-- teardown -->
        <test-method is-config="true" signature="setup()[pri:0, instance:com.crm.qa.testcases.ContactPageTest@606e4010]" started-at="2023-07-08T13:08:25 IST" name="setup" finished-at="2023-07-08T13:08:33 IST" duration-ms="7718" status="PASS">
          <reporter-output>
          </reporter-output>
        </test-method> <!-- setup -->
        <test-method signature="validatecreatenewcontact(java.lang.String,java.lang.String)[pri:3, instance:com.crm.qa.testcases.ContactPageTest@606e4010]" started-at="2023-07-08T13:08:33 IST" name="validatecreatenewcontact" data-provider="getcrmdata" finished-at="2023-07-08T13:08:54 IST" duration-ms="20788" status="PASS">
          <params>
            <param index="0">
              <value>
                <![CDATA[Road]]>
              </value>
            </param>
            <param index="1">
              <value>
                <![CDATA[Runner]]>
              </value>
            </param>
          </params>
          <reporter-output>
          </reporter-output>
        </test-method> <!-- validatecreatenewcontact -->
        <test-method is-config="true" signature="teardown()[pri:0, instance:com.crm.qa.testcases.ContactPageTest@606e4010]" started-at="2023-07-08T13:08:54 IST" name="teardown" finished-at="2023-07-08T13:08:54 IST" duration-ms="143" status="PASS">
          <reporter-output>
          </reporter-output>
        </test-method> <!-- teardown -->
        <test-method is-config="true" signature="setup()[pri:0, instance:com.crm.qa.testcases.ContactPageTest@606e4010]" started-at="2023-07-08T13:08:54 IST" name="setup" finished-at="2023-07-08T13:09:02 IST" duration-ms="7751" status="PASS">
          <reporter-output>
          </reporter-output>
        </test-method> <!-- setup -->
        <test-method signature="validatecreatenewcontact(java.lang.String,java.lang.String)[pri:3, instance:com.crm.qa.testcases.ContactPageTest@606e4010]" started-at="2023-07-08T13:09:02 IST" name="validatecreatenewcontact" data-provider="getcrmdata" finished-at="2023-07-08T13:09:22 IST" duration-ms="20672" status="PASS">
          <params>
            <param index="0">
              <value>
                <![CDATA[Zeee]]>
              </value>
            </param>
            <param index="1">
              <value>
                <![CDATA[Sid]]>
              </value>
            </param>
          </params>
          <reporter-output>
          </reporter-output>
        </test-method> <!-- validatecreatenewcontact -->
        <test-method is-config="true" signature="teardown()[pri:0, instance:com.crm.qa.testcases.ContactPageTest@606e4010]" started-at="2023-07-08T13:09:22 IST" name="teardown" finished-at="2023-07-08T13:09:23 IST" duration-ms="126" status="PASS">
          <reporter-output>
          </reporter-output>
        </test-method> <!-- teardown -->
      </class> <!-- com.crm.qa.testcases.ContactPageTest -->
      <class name="com.crm.qa.testcases.HomePageTest">
        <test-method is-config="true" signature="setup()[pri:0, instance:com.crm.qa.testcases.HomePageTest@173ed316]" started-at="2023-07-08T13:07:12 IST" name="setup" finished-at="2023-07-08T13:07:22 IST" duration-ms="10544" status="PASS">
          <reporter-output>
          </reporter-output>
        </test-method> <!-- setup -->
        <test-method signature="homepagetitletest()[pri:1, instance:com.crm.qa.testcases.HomePageTest@173ed316]" started-at="2023-07-08T13:07:22 IST" name="homepagetitletest" finished-at="2023-07-08T13:07:22 IST" duration-ms="17" status="PASS">
          <reporter-output>
          </reporter-output>
        </test-method> <!-- homepagetitletest -->
        <test-method is-config="true" signature="teardown()[pri:0, instance:com.crm.qa.testcases.HomePageTest@173ed316]" started-at="2023-07-08T13:07:22 IST" name="teardown" finished-at="2023-07-08T13:07:22 IST" duration-ms="207" status="PASS">
          <reporter-output>
          </reporter-output>
        </test-method> <!-- teardown -->
        <test-method is-config="true" signature="setup()[pri:0, instance:com.crm.qa.testcases.HomePageTest@173ed316]" started-at="2023-07-08T13:07:22 IST" name="setup" finished-at="2023-07-08T13:07:28 IST" duration-ms="5642" status="PASS">
          <reporter-output>
          </reporter-output>
        </test-method> <!-- setup -->
        <test-method signature="verifyusernametest()[pri:2, instance:com.crm.qa.testcases.HomePageTest@173ed316]" started-at="2023-07-08T13:07:28 IST" name="verifyusernametest" finished-at="2023-07-08T13:07:30 IST" duration-ms="2132" status="PASS">
          <reporter-output>
          </reporter-output>
        </test-method> <!-- verifyusernametest -->
        <test-method is-config="true" signature="teardown()[pri:0, instance:com.crm.qa.testcases.HomePageTest@173ed316]" started-at="2023-07-08T13:07:30 IST" name="teardown" finished-at="2023-07-08T13:07:30 IST" duration-ms="157" status="PASS">
          <reporter-output>
          </reporter-output>
        </test-method> <!-- teardown -->
        <test-method is-config="true" signature="setup()[pri:0, instance:com.crm.qa.testcases.HomePageTest@173ed316]" started-at="2023-07-08T13:07:30 IST" name="setup" finished-at="2023-07-08T13:07:36 IST" duration-ms="5694" status="PASS">
          <reporter-output>
          </reporter-output>
        </test-method> <!-- setup -->
        <test-method signature="movehomeicon()[pri:3, instance:com.crm.qa.testcases.HomePageTest@173ed316]" started-at="2023-07-08T13:07:36 IST" name="movehomeicon" finished-at="2023-07-08T13:07:48 IST" duration-ms="12234" status="PASS">
          <reporter-output>
          </reporter-output>
        </test-method> <!-- movehomeicon -->
        <test-method is-config="true" signature="teardown()[pri:0, instance:com.crm.qa.testcases.HomePageTest@173ed316]" started-at="2023-07-08T13:07:48 IST" name="teardown" finished-at="2023-07-08T13:07:48 IST" duration-ms="141" status="PASS">
          <reporter-output>
          </reporter-output>
        </test-method> <!-- teardown -->
      </class> <!-- com.crm.qa.testcases.HomePageTest -->
      <class name="com.crm.qa.testcases.LoginPageTest">
        <test-method is-config="true" signature="setup()[pri:0, instance:com.crm.qa.testcases.LoginPageTest@8458f04]" started-at="2023-07-08T13:09:23 IST" name="setup" finished-at="2023-07-08T13:09:28 IST" duration-ms="5565" status="PASS">
          <reporter-output>
          </reporter-output>
        </test-method> <!-- setup -->
        <test-method signature="loginpagetitletest()[pri:1, instance:com.crm.qa.testcases.LoginPageTest@8458f04]" started-at="2023-07-08T13:09:28 IST" name="loginpagetitletest" finished-at="2023-07-08T13:09:28 IST" duration-ms="7" status="PASS">
          <reporter-output>
          </reporter-output>
        </test-method> <!-- loginpagetitletest -->
        <test-method is-config="true" signature="teardown()[pri:0, instance:com.crm.qa.testcases.LoginPageTest@8458f04]" started-at="2023-07-08T13:09:28 IST" name="teardown" finished-at="2023-07-08T13:09:28 IST" duration-ms="117" status="PASS">
          <reporter-output>
          </reporter-output>
        </test-method> <!-- teardown -->
        <test-method is-config="true" signature="setup()[pri:0, instance:com.crm.qa.testcases.LoginPageTest@8458f04]" started-at="2023-07-08T13:09:28 IST" name="setup" finished-at="2023-07-08T13:09:34 IST" duration-ms="5346" status="PASS">
          <reporter-output>
          </reporter-output>
        </test-method> <!-- setup -->
        <test-method signature="logintest()[pri:2, instance:com.crm.qa.testcases.LoginPageTest@8458f04]" started-at="2023-07-08T13:09:34 IST" name="logintest" finished-at="2023-07-08T13:09:34 IST" duration-ms="189" status="PASS">
          <reporter-output>
          </reporter-output>
        </test-method> <!-- logintest -->
        <test-method is-config="true" signature="teardown()[pri:0, instance:com.crm.qa.testcases.LoginPageTest@8458f04]" started-at="2023-07-08T13:09:34 IST" name="teardown" finished-at="2023-07-08T13:09:34 IST" duration-ms="125" status="PASS">
          <reporter-output>
          </reporter-output>
        </test-method> <!-- teardown -->
      </class> <!-- com.crm.qa.testcases.LoginPageTest -->
    </test> <!-- FREE CRM AUTOMATION TEST CASES -->
  </suite> <!-- FREE CRM TEST SUIT -->
</testng-results>
