<?xml version="1.0" encoding="UTF-8"?>
<!-- Generated by org.testng.reporters.JUnitXMLReporter -->
<testsuite ignored="1" hostname="LAPTOP-G6NEL8LQ" failures="0" tests="9" name="FREE CRM AUTOMATION TEST CASES" time="142.376" errors="0" timestamp="2023-07-08T13:09:34 IST">
  <testcase classname="com.crm.qa.testcases.HomePageTest" name="homepagetitletest" time="0.017"/>
  <testcase classname="com.crm.qa.testcases.HomePageTest" name="verifyusernametest" time="2.132"/>
  <testcase classname="com.crm.qa.testcases.HomePageTest" name="movehomeicon" time="12.234"/>
  <testcase classname="com.crm.qa.testcases.ContactPageTest" name="verifycontctlable" time="0.031"/>
  <testcase classname="com.crm.qa.testcases.ContactPageTest" name="validatecreatenewcontact" time="20.682"/>
  <testcase classname="com.crm.qa.testcases.ContactPageTest" name="validatecreatenewcontact" time="20.788"/>
  <testcase classname="com.crm.qa.testcases.ContactPageTest" name="validatecreatenewcontact" time="20.672"/>
  <testcase classname="com.crm.qa.testcases.LoginPageTest" name="loginpagetitletest" time="0.007"/>
  <testcase classname="com.crm.qa.testcases.LoginPageTest" name="logintest" time="0.189"/>
  <testcase classname="com.crm.qa.testcases.ContactPageTest" name="selectcontact" time="0.0">
    <ignored/>
  </testcase> <!-- selectcontact -->
</testsuite> <!-- FREE CRM AUTOMATION TEST CASES -->
